
【登录信息】
[24792480beead25d68a89123f9839b8b]
`登陆天数: 13天 / 670天
等级: 122
石头: 102
呼符: 31
友情点: 0 / 404965`
*連続ログイン6日目
※ログインが途切れるか、7日到達すると
1日目から再開されます*
`聖晶石 X 2
12月交換券(2021) X 1
`*幕間の物語キャンペーン 第18弾 特別連続ログインボーナス*
*開催期間中、1日1回 最大5回 特別連続ログインボーナスをプレゼント！*
`叡智の業火 X 3
`_2021-12-05 19:37:14_
--------
[14752592c3f7c51d5f87300e179709ca]
`登陆天数: 13天 / 700天
等级: 122
石头: 13
呼符: 3
友情点: 0 / 428425`
*連続ログイン6日目
※ログインが途切れるか、7日到達すると
1日目から再開されます*
`聖晶石 X 2
12月交換券(2021) X 1
`*幕間の物語キャンペーン 第18弾 特別連続ログインボーナス*
*開催期間中、1日1回 最大5回 特別連続ログインボーナスをプレゼント！*
`叡智の業火 X 3
`_2021-12-05 19:37:22_
--------
