
【登录信息】
[24792480beead25d68a89123f9839b8b]
`登陆天数: 23天 / 680天
等级: 126
石头: 73
呼符: 15
友情点: 0 / 1397730`
*連続ログイン2日目
※ログインが途切れるか、7日到達すると
1日目から再開されます*
`聖晶石 X 1
12月交換券(2021) X 1
`*「FGO カルデア・サテライトステーション 2021-2022」福岡会場開催直前ログインボーナス*
*開催期間中、1日1回 最大3回 ログインボーナスをプレゼント！*
`カルデア･サテライトステーション X 1
黄金の果実 X 1
`_2021-12-15 19:37:22_
--------
[14752592c3f7c51d5f87300e179709ca]
`登陆天数: 23天 / 710天
等级: 122
石头: 13
呼符: 3
友情点: 0 / 428425`
*連続ログイン2日目
※ログインが途切れるか、7日到達すると
1日目から再開されます*
`聖晶石 X 1
12月交換券(2021) X 1
`*「FGO カルデア・サテライトステーション 2021-2022」福岡会場開催直前ログインボーナス*
*開催期間中、1日1回 最大3回 ログインボーナスをプレゼント！*
`カルデア･サテライトステーション X 1
黄金の果実 X 1
`_2021-12-15 19:37:30_
--------
