
【登录信息】
[24792480beead25d68a89123f9839b8b]
`登陆天数: 32天 / 689天
等级: 129
石头: 2
呼符: 0
友情点: 0 / 1495830`
*連続ログイン4日目
※ログインが途切れるか、7日到達すると
1日目から再開されます*
`聖晶石 X 1
12月交換券(2021) X 1
`*マルタ〔サンタ〕からのクリスマスプレゼント*
*開催期間中、初回ログインで「聖晶石×10」をプレゼント！*
`聖晶石 X 10
`_2021-12-24 19:37:22_
--------
[14752592c3f7c51d5f87300e179709ca]
`登陆天数: 32天 / 719天
等级: 122
石头: 2
呼符: 0
友情点: 0 / 454425`
*連続ログイン4日目
※ログインが途切れるか、7日到達すると
1日目から再開されます*
`聖晶石 X 1
12月交換券(2021) X 1
`*マルタ〔サンタ〕からのクリスマスプレゼント*
*開催期間中、初回ログインで「聖晶石×10」をプレゼント！*
`聖晶石 X 10
`_2021-12-24 19:37:30_
--------
