
【登录信息】
[24792480beead25d68a89123f9839b8b]
`登陆天数: 37天 / 694天
等级: 130
石头: 8
呼符: 0
友情点: 0 / 1501255`
*連続ログイン2日目
※ログインが途切れるか、7日到達すると
1日目から再開されます*
`聖晶石 X 1
12月交換券(2021) X 1
`*Fate Project 大晦日TVスペシャル2021 放送カウントダウンログインボーナス*
*開催期間中、1日1回 3日間日替りでログインボーナスをプレゼント！*
`黄金の果実 X 2
`_2021-12-29 19:37:08_
--------
[14752592c3f7c51d5f87300e179709ca]
`登陆天数: 37天 / 724天
等级: 122
石头: 2
呼符: 0
友情点: 0 / 454425`
*連続ログイン2日目
※ログインが途切れるか、7日到達すると
1日目から再開されます*
`聖晶石 X 1
12月交換券(2021) X 1
`*Fate Project 大晦日TVスペシャル2021 放送カウントダウンログインボーナス*
*開催期間中、1日1回 3日間日替りでログインボーナスをプレゼント！*
`黄金の果実 X 2
`_2021-12-29 19:37:17_
--------
