
【登录信息】
[24792480beead25d68a89123f9839b8b]
`登陆天数: 38天 / 695天
等级: 130
石头: 8
呼符: 0
友情点: 0 / 1501255`
*連続ログイン3日目
※ログインが途切れるか、7日到達すると
1日目から再開されます*
`叡智の猛火 X 1
12月交換券(2021) X 1
`*Fate Project 大晦日TVスペシャル2021 放送カウントダウンログインボーナス*
*開催期間中、1日1回 3日間日替りでログインボーナスをプレゼント！*
`黄金の果実 X 2
呼符 X 1
`_2021-12-30 19:37:22_
--------
[14752592c3f7c51d5f87300e179709ca]
`登陆天数: 38天 / 725天
等级: 122
石头: 22
呼符: 1
友情点: 0 / 456425`
*連続ログイン3日目
※ログインが途切れるか、7日到達すると
1日目から再開されます*
`叡智の猛火 X 1
12月交換券(2021) X 1
`*Fate Project 大晦日TVスペシャル2021 放送カウントダウンログインボーナス*
*開催期間中、1日1回 3日間日替りでログインボーナスをプレゼント！*
`黄金の果実 X 2
呼符 X 1
`_2021-12-30 19:37:31_
--------
