【登录信息】
[24792480beead25d68a89123f9839b8b]
`登陆天数: 15天 / 650天
等级: 122
石头: 209
呼符: 20
友情点: 0 / 404895`
*連続ログイン1日目
※ログインが途切れるか、7日到達すると
1日目から再開されます*
`フレンドポイント X 2000
11月交換券(2021) X 1
`*2400万DL突破記念 特別回数ログインボーナス*
*開催期間中、1日1回 最大5回 回数ログインボーナスをプレゼント！*
`マナプリズム X 200
`_2021-11-10 19:32:16_
--------
[14752592c3f7c51d5f87300e179709ca]
`登陆天数: 15天 / 680天
等级: 122
石头: 13
呼符: 3
友情点: 0 / 428425`
*連続ログイン1日目
※ログインが途切れるか、7日到達すると
1日目から再開されます*
`フレンドポイント X 2000
11月交換券(2021) X 1
`*2400万DL突破記念 特別回数ログインボーナス*
*開催期間中、1日1回 最大5回 回数ログインボーナスをプレゼント！*
`マナプリズム X 200
`_2021-11-10 19:32:24_
--------
