【登录信息】
[24792480beead25d68a89123f9839b8b]
`登陆天数: 16天 / 651天
等级: 122
石头: 209
呼符: 20
友情点: 0 / 404895`
*連続ログイン2日目
※ログインが途切れるか、7日到達すると
1日目から再開されます*
`聖晶石 X 1
11月交換券(2021) X 1
`*2400万DL突破記念 特別回数ログインボーナス*
*開催期間中、1日1回 最大5回 回数ログインボーナスをプレゼント！*
`英霊結晶・流星のフォウくん X 1
`_2021-11-11 19:32:10_
--------
[14752592c3f7c51d5f87300e179709ca]
`登陆天数: 16天 / 681天
等级: 122
石头: 13
呼符: 3
友情点: 0 / 428425`
*連続ログイン2日目
※ログインが途切れるか、7日到達すると
1日目から再開されます*
`聖晶石 X 1
11月交換券(2021) X 1
`*2400万DL突破記念 特別回数ログインボーナス*
*開催期間中、1日1回 最大5回 回数ログインボーナスをプレゼント！*
`英霊結晶・流星のフォウくん X 1
`_2021-11-11 19:32:18_
--------
