【登录信息】
[24792480beead25d68a89123f9839b8b]
`登陆天数: 18天 / 653天
等级: 122
石头: 209
呼符: 20
友情点: 0 / 404895`
*連続ログイン4日目
※ログインが途切れるか、7日到達すると
1日目から再開されます*
`聖晶石 X 1
11月交換券(2021) X 1
`*リリース2300日突破キャンペーン 初回ログインボーナス*
*開催期間中、初回ログインで「聖晶石×10」をプレゼント！*
`聖晶石 X 10
`_2021-11-13 19:32:00_
--------
[14752592c3f7c51d5f87300e179709ca]
`登陆天数: 18天 / 683天
等级: 122
石头: 13
呼符: 3
友情点: 0 / 428425`
*連続ログイン4日目
※ログインが途切れるか、7日到達すると
1日目から再開されます*
`聖晶石 X 1
11月交換券(2021) X 1
`*リリース2300日突破キャンペーン 初回ログインボーナス*
*開催期間中、初回ログインで「聖晶石×10」をプレゼント！*
`聖晶石 X 10
`_2021-11-13 19:32:08_
--------
