【登录信息】
[24792480beead25d68a89123f9839b8b]
`登陆天数: 20天 / 655天
等级: 122
石头: 209
呼符: 20
友情点: 0 / 404895`
*連続ログイン6日目
※ログインが途切れるか、7日到達すると
1日目から再開されます*
`聖晶石 X 2
11月交換券(2021) X 1
`*2400万DL突破記念 特別連続ログインボーナス*
*開催期間中、1日1回 最大7回 連続ログインボーナスをプレゼント！*
`英霊結晶・太陽のフォウくん X 10
`_2021-11-15 19:32:21_
--------
[14752592c3f7c51d5f87300e179709ca]
`登陆天数: 20天 / 685天
等级: 122
石头: 13
呼符: 3
友情点: 0 / 428425`
*連続ログイン6日目
※ログインが途切れるか、7日到達すると
1日目から再開されます*
`聖晶石 X 2
11月交換券(2021) X 1
`*2400万DL突破記念 特別連続ログインボーナス*
*開催期間中、1日1回 最大7回 連続ログインボーナスをプレゼント！*
`英霊結晶・太陽のフォウくん X 10
`_2021-11-15 19:32:29_
--------
