【登录信息】
[24792480beead25d68a89123f9839b8b]
`登陆天数: 21天 / 656天
等级: 122
石头: 209
呼符: 20
友情点: 0 / 404895`
*連続ログイン7日間到達おめでとうございます！
明日は1日目からリスタートされます。*
`獣の足跡 X 1
呼符 X 1
11月交換券(2021) X 1
`*2400万DL突破記念 特別連続ログインボーナス*
*開催期間中、1日1回 最大7回 連続ログインボーナスをプレゼント！*
`呼符 X 10
`_2021-11-16 19:32:22_
--------
[14752592c3f7c51d5f87300e179709ca]
`登陆天数: 21天 / 686天
等级: 122
石头: 13
呼符: 3
友情点: 0 / 428425`
*連続ログイン7日間到達おめでとうございます！
明日は1日目からリスタートされます。*
`獣の足跡 X 1
呼符 X 1
11月交換券(2021) X 1
`*2400万DL突破記念 特別連続ログインボーナス*
*開催期間中、1日1回 最大7回 連続ログインボーナスをプレゼント！*
`呼符 X 10
`_2021-11-16 19:32:31_
--------
