
【登录信息】
[24792480beead25d68a89123f9839b8b]
`登陆天数: 13天 / 736天
等级: 131
石头: 14
呼符: 0
友情点: 0 / 1522735`
*連続ログイン6日目
※ログインが途切れるか、7日到達すると
1日目から再開されます*
`聖晶石 X 2
2月交換券(2022) X 1
`*リリース2400日突破キャンペーン 初回ログインボーナス*
*開催期間中、初回ログインで「聖晶石×10」をプレゼント！*
`聖晶石 X 10
`_2022-02-21 19:37:19_
--------
[14752592c3f7c51d5f87300e179709ca]
`登陆天数: 13天 / 766天
等级: 122
石头: 53
呼符: 2
友情点: 0 / 456425`
*連続ログイン6日目
※ログインが途切れるか、7日到達すると
1日目から再開されます*
`聖晶石 X 2
2月交換券(2022) X 1
`*リリース2400日突破キャンペーン 初回ログインボーナス*
*開催期間中、初回ログインで「聖晶石×10」をプレゼント！*
`聖晶石 X 10
`_2022-02-21 19:37:27_
--------
