
【登录信息】
[24792480beead25d68a89123f9839b8b]
`登陆天数: 15天 / 738天
等级: 131
石头: 14
呼符: 0
友情点: 0 / 1522735`
*連続ログイン1日目
※ログインが途切れるか、7日到達すると
1日目から再開されます*
`フレンドポイント X 2000
2月交換券(2022) X 1
`*ホワイトデー2022開催直前特別ログインボーナス*
*開催期間中、1日1回 最大7回 ログインボーナスをプレゼント！*
`赤銅の果実 X 1
`_2022-02-23 19:37:34_
--------
[14752592c3f7c51d5f87300e179709ca]
`登陆天数: 15天 / 768天
等级: 122
石头: 53
呼符: 2
友情点: 0 / 456425`
*連続ログイン1日目
※ログインが途切れるか、7日到達すると
1日目から再開されます*
`フレンドポイント X 2000
2月交換券(2022) X 1
`*ホワイトデー2022開催直前特別ログインボーナス*
*開催期間中、1日1回 最大7回 ログインボーナスをプレゼント！*
`赤銅の果実 X 1
`_2022-02-23 19:37:42_
--------
