
【登录信息】
[24792480beead25d68a89123f9839b8b]
`登陆天数: 19天 / 742天
等级: 131
石头: 9
呼符: 7
友情点: 0 / 1525295`
*連続ログイン5日目
※ログインが途切れるか、7日到達すると
1日目から再開されます*
`叡智の猛火 X 2
2月交換券(2022) X 1
`*「FGO カルデア・サテライトステーション 2021-2022」北海道会場代替開催記念 初回ログインボーナス*
*開催期間中、初回ログインで「聖晶石×10」をプレゼント！*
`聖晶石 X 10
`_2022-02-27 19:37:20_
--------
[14752592c3f7c51d5f87300e179709ca]
`登陆天数: 19天 / 772天
等级: 122
石头: 53
呼符: 2
友情点: 0 / 456425`
*連続ログイン5日目
※ログインが途切れるか、7日到達すると
1日目から再開されます*
`叡智の猛火 X 2
2月交換券(2022) X 1
`*「FGO カルデア・サテライトステーション 2021-2022」北海道会場代替開催記念 初回ログインボーナス*
*開催期間中、初回ログインで「聖晶石×10」をプレゼント！*
`聖晶石 X 10
`_2022-02-27 19:37:28_
--------
