
【登录信息】
[24792480beead25d68a89123f9839b8b]
`登陆天数: 20天 / 743天
等级: 132
石头: 49
呼符: 12
友情点: 0 / 1527605`
*連続ログイン6日目
※ログインが途切れるか、7日到達すると
1日目から再開されます*
`聖晶石 X 2
3月交換券(2022) X 1
`*ホワイトデー2022開催直前特別ログインボーナス*
*開催期間中、1日1回 最大7回 ログインボーナスをプレゼント！*
`黄金の果実 X 1
`_2022-02-28 19:37:23_
--------
[14752592c3f7c51d5f87300e179709ca]
`登陆天数: 20天 / 773天
等级: 122
石头: 53
呼符: 2
友情点: 0 / 456425`
*連続ログイン6日目
※ログインが途切れるか、7日到達すると
1日目から再開されます*
`聖晶石 X 2
3月交換券(2022) X 1
`*ホワイトデー2022開催直前特別ログインボーナス*
*開催期間中、1日1回 最大7回 ログインボーナスをプレゼント！*
`黄金の果実 X 1
`_2022-02-28 19:37:31_
--------
