
【登录信息】
[24792480beead25d68a89123f9839b8b]
`登陆天数: 21天 / 744天
等级: 132
石头: 49
呼符: 12
友情点: 0 / 1527755`
*連続ログイン7日間到達おめでとうございます！
明日は1日目からリスタートされます。*
`獣の足跡 X 1
呼符 X 1
3月交換券(2022) X 1
`*ホワイトデー2022開催直前特別ログインボーナス*
*開催期間中、1日1回 最大7回 ログインボーナスをプレゼント！*
`聖晶石 X 2
`_2022-03-01 19:37:38_
--------
[14752592c3f7c51d5f87300e179709ca]
`登陆天数: 21天 / 774天
等级: 122
石头: 53
呼符: 2
友情点: 0 / 456425`
*連続ログイン7日間到達おめでとうございます！
明日は1日目からリスタートされます。*
`獣の足跡 X 1
呼符 X 1
3月交換券(2022) X 1
`*ホワイトデー2022開催直前特別ログインボーナス*
*開催期間中、1日1回 最大7回 ログインボーナスをプレゼント！*
`聖晶石 X 2
`_2022-03-01 19:37:47_
--------
