
【登录信息】
[24792480beead25d68a89123f9839b8b]
`登陆天数: 22天 / 745天
等级: 132
石头: 49
呼符: 12
友情点: 0 / 1527755`
*連続ログイン1日目
※ログインが途切れるか、7日到達すると
1日目から再開されます*
`フレンドポイント X 2000
3月交換券(2022) X 1
`*「ホワイトデー・スペクタクルズ」開催記念初回ログインボーナス*
*開催期間中、初回ログインで「ホワイトデー・スペクタクルズ入館証」をプレゼント！*
`ホワイトデー・スペクタクルズ入館証 X 1
`_2022-03-02 19:37:29_
--------
[14752592c3f7c51d5f87300e179709ca]
`登陆天数: 22天 / 775天
等级: 122
石头: 53
呼符: 2
友情点: 0 / 456425`
*連続ログイン1日目
※ログインが途切れるか、7日到達すると
1日目から再開されます*
`フレンドポイント X 2000
3月交換券(2022) X 1
`*「ホワイトデー・スペクタクルズ」開催記念初回ログインボーナス*
*開催期間中、初回ログインで「ホワイトデー・スペクタクルズ入館証」をプレゼント！*
`ホワイトデー・スペクタクルズ入館証 X 1
`_2022-03-02 19:37:37_
--------
