
【登录信息】
[e8fa919aa1b954387cea6aa42408d954]
`登陆天数: 47天 / 770天
等级: 134
石头: 11
呼符: 16
友情点: 50 / 2016525`
*連続ログイン5日目
※ログインが途切れるか、7日到達すると
1日目から再開されます*
`叡智の猛火 X 2
3月交換券(2022) X 1
`*「AnimeJapan 2022」出展記念 初回ログインボーナス*
*開催期間中、初回ログインで「聖晶石×10」をプレゼント！*
`聖晶石 X 10
`_2022-03-27 19:37:38_
--------
[14752592c3f7c51d5f87300e179709ca]
`登陆天数: 47天 / 800天
等级: 122
石头: 53
呼符: 2
友情点: 0 / 456425`
*連続ログイン5日目
※ログインが途切れるか、7日到達すると
1日目から再開されます*
`叡智の猛火 X 2
3月交換券(2022) X 1
`*「AnimeJapan 2022」出展記念 初回ログインボーナス*
*開催期間中、初回ログインで「聖晶石×10」をプレゼント！*
`聖晶石 X 10
`_2022-03-27 19:37:46_
--------
