【登录信息】
[24792480beead25d68a89123f9839b8b]
`登陆天数: 16天 / 610天
等级: 122
石头: 463
呼符: 2
友情点: 0 / 390605`
*連続ログイン2日目
※ログインが途切れるか、7日到達すると
1日目から再開されます*
`聖晶石 X 1
10月交換券(2021) X 1
`*幕間の物語キャンペーン 第17弾 特別連続ログインボーナス*
*開催期間中、1日1回 最大5回 特別連続ログインボーナスをプレゼント！*
`叡智の業火 X 3
`_2021-09-30 19:32:45_
--------
[14752592c3f7c51d5f87300e179709ca]
`登陆天数: 21天 / 640天
等级: 122
石头: 13
呼符: 3
友情点: 0 / 428425`
*連続ログイン7日間到達おめでとうございます！
明日は1日目からリスタートされます。*
`獣の足跡 X 1
呼符 X 1
10月交換券(2021) X 1
`*幕間の物語キャンペーン 第17弾 特別連続ログインボーナス*
*開催期間中、1日1回 最大5回 特別連続ログインボーナスをプレゼント！*
`叡智の業火 X 3
`_2021-09-30 19:32:54_
--------
