【登录信息】
[24792480beead25d68a89123f9839b8b]
`登陆天数: 29天 / 623天
等级: 122
石头: 463
呼符: 2
友情点: 0 / 390605`
*連続ログイン1日目
※ログインが途切れるか、7日到達すると
1日目から再開されます*
`フレンドポイント X 2000
10月交換券(2021) X 1
`*ハロウィン・ライジング！ ～砂塵の女王と暗黒の使徒～ 開催直前特別ログインボーナス*
*開催期間中、1日1回 最大7回 ログインボーナスをプレゼント！*
`白銀の果実 X 1
`_2021-10-13 19:32:12_
--------
[14752592c3f7c51d5f87300e179709ca]
`登陆天数: 34天 / 653天
等级: 122
石头: 13
呼符: 3
友情点: 0 / 428425`
*連続ログイン6日目
※ログインが途切れるか、7日到達すると
1日目から再開されます*
`聖晶石 X 2
10月交換券(2021) X 1
`*ハロウィン・ライジング！ ～砂塵の女王と暗黒の使徒～ 開催直前特別ログインボーナス*
*開催期間中、1日1回 最大7回 ログインボーナスをプレゼント！*
`白銀の果実 X 1
`_2021-10-13 19:32:20_
--------
