【登录信息】
[24792480beead25d68a89123f9839b8b]
`登陆天数: 30天 / 624天
等级: 122
石头: 463
呼符: 2
友情点: 0 / 390605`
*連続ログイン2日目
※ログインが途切れるか、7日到達すると
1日目から再開されます*
`聖晶石 X 1
10月交換券(2021) X 1
`*ハロウィン・ライジング！ ～砂塵の女王と暗黒の使徒～ 開催直前特別ログインボーナス*
*開催期間中、1日1回 最大7回 ログインボーナスをプレゼント！*
`白銀の果実 X 1
`_2021-10-14 19:32:04_
--------
[14752592c3f7c51d5f87300e179709ca]
`登陆天数: 35天 / 654天
等级: 122
石头: 13
呼符: 3
友情点: 0 / 428425`
*連続ログイン7日間到達おめでとうございます！
明日は1日目からリスタートされます。*
`獣の足跡 X 1
呼符 X 1
10月交換券(2021) X 1
`*ハロウィン・ライジング！ ～砂塵の女王と暗黒の使徒～ 開催直前特別ログインボーナス*
*開催期間中、1日1回 最大7回 ログインボーナスをプレゼント！*
`白銀の果実 X 1
`_2021-10-14 19:32:12_
--------
