【登录信息】
[24792480beead25d68a89123f9839b8b]
`登陆天数: 36天 / 630天
等级: 122
石头: 170
呼符: 12
友情点: 0 / 398845`
*連続ログイン1日目
※ログインが途切れるか、7日到達すると
1日目から再開されます*
`フレンドポイント X 2000
10月交換券(2021) X 1
`*FGO カルデア放送局 ライト版 ～ハロウィン・ライジング！～ 放送記念 初回ログインボーナス*
*開催期間中、初回ログインで「聖晶石×12」をプレゼント！*
`聖晶石 X 12
`_2021-10-20 19:32:22_
--------
[14752592c3f7c51d5f87300e179709ca]
`登陆天数: 41天 / 660天
等级: 122
石头: 13
呼符: 3
友情点: 0 / 428425`
*連続ログイン6日目
※ログインが途切れるか、7日到達すると
1日目から再開されます*
`聖晶石 X 2
10月交換券(2021) X 1
`*FGO カルデア放送局 ライト版 ～ハロウィン・ライジング！～ 放送記念 初回ログインボーナス*
*開催期間中、初回ログインで「聖晶石×12」をプレゼント！*
`聖晶石 X 12
`_2021-10-20 19:32:30_
--------
