
【登录信息】
[24792480beead25d68a89123f9839b8b]
`登陆天数: 39天 / 696天
等级: 130
石头: 8
呼符: 0
友情点: 0 / 1501255`
*連続ログイン4日目
※ログインが途切れるか、7日到達すると
1日目から再開されます*
`聖晶石 X 1
1月交換券(2022) X 1
`*2022年お正月キャンペーン　三が日限定ログインボーナス*
*開催期間中、三が日限定のログインボーナスをプレゼント！*
`レアプリズム X 1
`_2021-12-31 19:37:14_
--------
[14752592c3f7c51d5f87300e179709ca]
`登陆天数: 39天 / 726天
等级: 122
石头: 22
呼符: 1
友情点: 0 / 456425`
*連続ログイン4日目
※ログインが途切れるか、7日到達すると
1日目から再開されます*
`聖晶石 X 1
1月交換券(2022) X 1
`*2022年お正月キャンペーン　三が日限定ログインボーナス*
*開催期間中、三が日限定のログインボーナスをプレゼント！*
`レアプリズム X 1
`_2021-12-31 19:37:22_
--------
