
【登录信息】
[24792480beead25d68a89123f9839b8b]
`登陆天数: 40天 / 697天
等级: 130
石头: 15
呼符: 1
友情点: 0 / 1513455`
*連続ログイン5日目
※ログインが途切れるか、7日到達すると
1日目から再開されます*
`叡智の猛火 X 2
1月交換券(2022) X 1
`*2022年お正月キャンペーン　三が日限定ログインボーナス*
*開催期間中、三が日限定のログインボーナスをプレゼント！*
`伝承結晶 X 1
`_2022-01-01 19:37:07_
--------
[14752592c3f7c51d5f87300e179709ca]
`登陆天数: 40天 / 727天
等级: 122
石头: 53
呼符: 2
友情点: 0 / 456425`
*連続ログイン5日目
※ログインが途切れるか、7日到達すると
1日目から再開されます*
`叡智の猛火 X 2
1月交換券(2022) X 1
`*2022年お正月キャンペーン　三が日限定ログインボーナス*
*開催期間中、三が日限定のログインボーナスをプレゼント！*
`伝承結晶 X 1
`_2022-01-01 19:37:14_
--------
