
【登录信息】
[24792480beead25d68a89123f9839b8b]
`登陆天数: 41天 / 698天
等级: 131
石头: 17
呼符: 2
友情点: 0 / 1514080`
*連続ログイン6日目
※ログインが途切れるか、7日到達すると
1日目から再開されます*
`聖晶石 X 2
1月交換券(2022) X 1
`*2022年お正月キャンペーン　三が日限定ログインボーナス*
*開催期間中、三が日限定のログインボーナスをプレゼント！*
`聖杯 X 1
`_2022-01-02 19:37:19_
--------
[14752592c3f7c51d5f87300e179709ca]
`登陆天数: 41天 / 728天
等级: 122
石头: 53
呼符: 2
友情点: 0 / 456425`
*連続ログイン6日目
※ログインが途切れるか、7日到達すると
1日目から再開されます*
`聖晶石 X 2
1月交換券(2022) X 1
`*2022年お正月キャンペーン　三が日限定ログインボーナス*
*開催期間中、三が日限定のログインボーナスをプレゼント！*
`聖杯 X 1
`_2022-01-02 19:37:26_
--------
