
【登录信息】
[24792480beead25d68a89123f9839b8b]
`登陆天数: 42天 / 699天
等级: 131
石头: 1
呼符: 0
友情点: 0 / 1515350`
*連続ログイン7日間到達おめでとうございます！
明日は1日目からリスタートされます。*
`獣の足跡 X 1
呼符 X 1
1月交換券(2022) X 1
`*2022年お正月キャンペーン 10万リツイート達成プレゼント*
*開催期間中、初回ログインでお正月限定概念礼装&2022万QPをプレゼント！*
`小獅子の舞 X 1
QP X 20220000
`_2022-01-03 19:37:28_
--------
[14752592c3f7c51d5f87300e179709ca]
`登陆天数: 42天 / 729天
等级: 122
石头: 53
呼符: 2
友情点: 0 / 456425`
*連続ログイン7日間到達おめでとうございます！
明日は1日目からリスタートされます。*
`獣の足跡 X 1
呼符 X 1
1月交換券(2022) X 1
`*2022年お正月キャンペーン 10万リツイート達成プレゼント*
*開催期間中、初回ログインでお正月限定概念礼装&2022万QPをプレゼント！*
`小獅子の舞 X 1
QP X 20220000
`_2022-01-03 19:37:36_
--------
