
【登录信息】
[24792480beead25d68a89123f9839b8b]
`登陆天数: 45天 / 702天
等级: 131
石头: 45
呼符: 1
友情点: 0 / 1518325`
*連続ログイン3日目
※ログインが途切れるか、7日到達すると
1日目から再開されます*
`叡智の猛火 X 1
1月交換券(2022) X 1
`*「FGO カルデア・サテライトステーション 2021-2022」静岡会場開催直前ログインボーナス*
*開催期間中、1日1回 最大3回 ログインボーナスをプレゼント！*
`黄金の果実 X 1
`_2022-01-06 19:37:41_
--------
[14752592c3f7c51d5f87300e179709ca]
`登陆天数: 45天 / 732天
等级: 122
石头: 53
呼符: 2
友情点: 0 / 456425`
*連続ログイン3日目
※ログインが途切れるか、7日到達すると
1日目から再開されます*
`叡智の猛火 X 1
1月交換券(2022) X 1
`*「FGO カルデア・サテライトステーション 2021-2022」静岡会場開催直前ログインボーナス*
*開催期間中、1日1回 最大3回 ログインボーナスをプレゼント！*
`黄金の果実 X 1
`_2022-01-06 19:37:49_
--------
