
【登录信息】
[24792480beead25d68a89123f9839b8b]
`登陆天数: 48天 / 705天
等级: 131
石头: 50
呼符: 1
友情点: 0 / 1519210`
*連続ログイン6日目
※ログインが途切れるか、7日到達すると
1日目から再開されます*
`聖晶石 X 2
1月交換券(2022) X 1
`*「FGO カルデア・サテライトステーション 2021-2022」静岡会場開催記念 初回ログインボーナス*
*開催期間中、初回ログインで「聖晶石×10」をプレゼント！*
`聖晶石 X 10
`_2022-01-09 19:37:24_
--------
[14752592c3f7c51d5f87300e179709ca]
`登陆天数: 48天 / 735天
等级: 122
石头: 53
呼符: 2
友情点: 0 / 456425`
*連続ログイン6日目
※ログインが途切れるか、7日到達すると
1日目から再開されます*
`聖晶石 X 2
1月交換券(2022) X 1
`*「FGO カルデア・サテライトステーション 2021-2022」静岡会場開催記念 初回ログインボーナス*
*開催期間中、初回ログインで「聖晶石×10」をプレゼント！*
`聖晶石 X 10
`_2022-01-09 19:37:33_
--------
